<?xml version="1.0" encoding="UTF-8"?>
<testsuite name="CalculatorTests" tests="5" skipped="0" failures="0" errors="0" timestamp="2024-03-06T14:09:32" hostname="DESKTOP-50KSI92" time="0.472">
  <properties/>
  <testcase name="TestMult()" classname="CalculatorTests" time="0.431"/>
  <testcase name="TestPlus()" classname="CalculatorTests" time="0.01"/>
  <testcase name="TestSqrt()" classname="CalculatorTests" time="0.008"/>
  <testcase name="TestDiv()" classname="CalculatorTests" time="0.01"/>
  <testcase name="TestMinus()" classname="CalculatorTests" time="0.008"/>
  <system-out><![CDATA[======TEST Mult1 EXECUTED=======
Oooooo, my GOD!!! It's a REAL MAN CALCULATOR 3.0!!!!
AMUZING!
======TEST Plus1 EXECUTED=======
Oooooo, my GOD!!! It's a REAL MAN CALCULATOR 3.0!!!!
AMUZING!
======TEST Sqrt1 EXECUTED=======
Oooooo, my GOD!!! It's a REAL MAN CALCULATOR 3.0!!!!
AMUZING!
======TEST Div1 EXECUTED=======
Oooooo, my GOD!!! It's a REAL MAN CALCULATOR 3.0!!!!
AMUZING!
======TEST Minus1 EXECUTED=======
Oooooo, my GOD!!! It's a REAL MAN CALCULATOR 3.0!!!!
AMUZING!
]]></system-out>
  <system-err><![CDATA[]]></system-err>
</testsuite>
